<?xml version="1.0" encoding="UTF-8"?>
<testng-results ignored="0" total="1" passed="1" failed="0" skipped="0">
  <reporter-output>
  </reporter-output>
  <suite started-at="2026-06-06T17:47:00 IST" name="Default suite" finished-at="2026-06-06T17:47:00 IST" duration-ms="37">
    <groups>
    </groups>
    <test started-at="2026-06-06T17:47:00 IST" name="Default test" finished-at="2026-06-06T17:47:00 IST" duration-ms="37">
      <class name="jenkinspractise.Sampleprogram">
        <test-method signature="testLogin()[pri:0, instance:jenkinspractise.Sampleprogram@52e6fdee]" started-at="2026-06-06T17:47:00 IST" name="testLogin" finished-at="2026-06-06T17:47:00 IST" duration-ms="7" status="PASS">
          <reporter-output>
          </reporter-output>
        </test-method> <!-- testLogin -->
      </class> <!-- jenkinspractise.Sampleprogram -->
    </test> <!-- Default test -->
  </suite> <!-- Default suite -->
</testng-results>
